
ROM used:   19684/65536 (30%)
            19684/65536 (30%) including unused fragments

            4.6 Average locations per line
            13.0 Average locations per statement

RAM used:   600/3828 (16%) at main() level
            1088/3828 (28%) worst case

Stack used: 5 worst case (3 in main + 2 for interrupts)
Stack size: 31

Lines Stmts  %   Files
----- ----- ---  -----
  292   175  12  LW_Attendant_Main.c
 1301     0   0  ..\..\..\..\..\..\..\Program Files (x86)\PICC\Devices\18F66K90.h
  435   129   8  ..\..\..\..\..\..\..\Program Files (x86)\PICC\Drivers\string.h
   32     0   0  ..\..\..\..\..\..\..\Program Files (x86)\PICC\Drivers\stddef.h
   28     0   0  ..\..\..\..\..\..\..\Program Files (x86)\PICC\Drivers\ctype.h
  251     0   0  LW_Attendant_MAIN.h
   59     0   0  LW_Attendant_display.h
   44     0   0  LW_Attendant_Func.h
   33     0   0  LW_Attendant_RS485.h
   30     0   0  LW_Attendant_Menu.h
   20     0   0  LW_Attendant_USB.h
  288   222  15  LW_Attendant_USB.c
  273   221  15  LW_Attendant_Display.c
  418   288  19  LW_Attendant_Func.c
  204   116   8  LW_Attendant_RS485.c
  542   368  24  LW_Attendant_Menu.c
----- -----
 4250  1519 Total

Page ROM  %  RAM    Vol Diff  Functions:
---- --- --- ---    --- ----  ----------
0     40   0    1             @delay_ms1
0     38   0    1             @delay_us1
0    126   0    9    290  6.0  strcat
0    668   2   60   1808  7.4  initalise_USB_files
0     22   0    0             @const1141
0     20   0    0             @const1142
0     22   0    0             @const1143
0     26   0    0             @const1144
0     24   0    0             @const1145
0     20   0    0             @const1147
0     50   0    0             @const1148
0     52   0    0             @const1149
0     48   0    0             @const1150
0     44   0    0             @const1151
0   2144   5  166   5156 10.1  send_log_data_to_USB
0     18   0    0             @const1164
0     18   0    0             @const1166
0     70   0    5             @DIV1616
0     22   0    0             @const1185
0     22   0    0             @const1186
0     22   0    0             @const1187
0    300   1    7    886  7.2  number_to_string
0    356   1    7    834  5.3  date_to_string
0    304   1    7    762  5.3  time_to_string
0    750   2  160   3108  8.0  FLASH_TIMER
0     28   0    0             @const1201
0     20   0    0             @const1202
0     38   0    0             @const1203
0     98   0    0    456  1.9  init_display
0    100   0    7    558  5.5  write_text_LCD
0    662   2  197   7402  6.7  set_run_display_ram
0     38   0    0             @const1216
0     32   0    1             @I2C_WRITEU_1
0     34   0    1             @I2C_READU_1
0     18   0    0     94  1.7  INIT_USART1
0     26   0    0    115  1.7  INIT_USART2
0    176   0    2    974  3.9  INIT_ALL
0     46   0    0    272  5.0  chk_up
0     46   0    0    272  5.0  chk_dn
0     46   0    0    272  5.0  chk_ent
0    278   1    2    499  3.4  read_RTC
0    158   0    1    417  3.4  write_RTC
0     60   0    4    475  8.3  SEND_SPI
0    168   0    5    514  5.8  write_to_usb
0    206   1    3    738  6.9  USB_ready
0    232   1    7    699  7.2  convert_to_3digits
0    150   0    2    681  5.9  check_USB_TO
0    138   0    3    672  5.9  check_menu_TO
0     40   0    0             @const1253
0   1128   3   26   2211 10.5  Convert_To_UNIX_TIME
0     92   0   14             @MUL3232
0    506   1  165   3202 13.2  send_RS485
0    278   1  134   1116 10.2  send_data_to_WEB
0     56   0    1    172  3.1  delim_send
0    226   1  144    861  8.0  display_USB_warning
0     28   0    0             @const1280
0    482   1   28   1378  6.2  set_init_mess
0     38   0    0             @const1286
0     38   0    0             @const1287
0     38   0    0             @const1288
0     38   0    0             @const1289
0     38   0    0             @const1291
0     38   0    0             @const1292
0    196   0   23    336  3.2  set_top_menu
0     38   0    0             @const1295
0     38   0    0             @const1296
0     38   0    0             @const1297
0     38   0    0             @const1298
0    166   0   23    383  3.2  reset_disp_ram
0    196   0   23    336  3.2  set_reset_addr_menu
0     38   0    0             @const1302
0     38   0    0             @const1303
0    200   1   23    354  3.2  reset_all_addr_menu
0     38   0    0             @const1307
0     38   0    0             @const1308
0     38   0    0             @const1309
0     38   0    0             @const1310
0    150   0    6   1243  6.8  menu_sys
0    372   1  156   1482  8.4  set_trailer_id
0     36   0    0             @const1322
0     38   0    0             @const1324
0     38   0    0             @const1326
0    110   0    4   1109  6.7  set_rst_units
0    818   2  157   2605  9.8  set_unit_addrs
0     38   0    0             @const1340
0     38   0    0             @const1341
0     38   0    0             @const1342
0     38   0    0             @const1343
0     38   0    0             @const1345
0     38   0    0             @const1347
0     38   0    0             @const1348
0    286   1  153    896  6.7  rst_unit_addrs
0     38   0    0             @const1355
0     38   0    0             @const1356
0    726   2  161   2166  4.7  set_time_date
0     38   0    0             @const1365
0     38   0    0             @const1366
0     86   0   12    400  7.2  convert_BCD_to_No
0     50   0    3    185  5.0  convert_No_to_BCD
0     44   0    3             @DIV88
0    414   1   11   1399 10.3  enter_number
0   3496   9  238  10456 14.3  MAIN
0    150   0   13             @DIV3232
0     28   0    0             @const1408
0     28   0    0             @const1409
 Inline         0             @cinit1

Program metrics:
    Functions               44
    Statements              1519
    Comments                871
    Volume (V)              100867
    Difficulty (D)          275.9
    Effort to implement (E) 27827979
    Time to implement (T)   429 hours, 27 minutes
    Est Delivered Bugs (B)  31
    Cyclomatic Complexity   205
    Maintainability (MI)    101

 Segment     Used  Free
-----------  ----  ----
00000-00002     4  0  
00004-00006     0  4  
00008-000AC   166  0  
000AE-0FFFE  19514  45848  



